[2016-11-16 18:33:29] START
[2016-11-16 19:00:13] EDIT prostudy/views/default/index.html: 2
[2016-11-16 19:09:13] EDIT prostudy/models/makegraph.py: 0
[2016-11-21 00:53:12] EDIT prostudy/controllers/api.py: 0
[2016-11-21 00:55:19] EDIT prostudy/controllers/api.py: 0
[2016-11-21 01:01:22] EDIT prostudy/controllers/api.py: 0
[2016-11-22 05:42:28] EDIT prostudy/models/menu.py: 0
[2016-11-22 05:50:58] EDIT prostudy/models/menu.py: -104
[2016-11-22 05:54:21] EDIT prostudy/models/menu.py: -106
[2016-11-22 05:55:07] EDIT prostudy/models/menu.py: 1
[2016-11-22 05:56:19] EDIT prostudy/models/menu.py: 2
[2016-11-22 05:56:24] EDIT prostudy/models/menu.py: 0
[2016-11-22 05:56:50] EDIT prostudy/models/menu.py: 0
[2016-11-22 05:58:41] EDIT prostudy/models/menu.py: 0
[2016-11-22 05:59:22] EDIT prostudy/models/menu.py: 3
[2016-11-22 06:28:32] CREATE default/BG.html: 0
[2016-11-22 06:29:21] EDIT prostudy/views/default/BG.html: 108
[2016-11-22 06:32:19] UPLOAD /home/wwu39/web2py/applications/prostudy/static/graph2.png: 420
[2016-11-22 06:32:56] DELETE prostudy/static/graph2.png: -420
[2016-11-22 06:35:09] UPLOAD /home/wwu39/web2py/applications/prostudy/static/images/graph2.png: 420
[2016-11-22 06:36:07] UPLOAD /home/wwu39/web2py/applications/prostudy/static/images/logo.png: 32
[2016-11-22 06:36:42] UPLOAD /home/wwu39/web2py/applications/prostudy/static/images/timer.png: 110
[2016-11-22 06:37:08] UPLOAD /home/wwu39/web2py/applications/prostudy/static/images/todolist.png: 110
[2016-11-22 06:38:24] EDIT prostudy/controllers/default.py: 1
[2016-11-22 06:39:21] EDIT prostudy/models/menu.py: 0
[2016-11-22 06:44:49] EDIT prostudy/views/default/BG.html: 0
[2016-11-22 06:46:56] EDIT prostudy/views/default/BG.html: 0
[2016-11-22 07:05:24] EDIT prostudy/controllers/default.py: 1
[2016-11-22 07:06:08] CREATE default/help.html: 0
[2016-11-22 07:07:10] EDIT prostudy/views/default/help.html: 72
[2016-11-22 07:08:02] EDIT prostudy/static/css/myapp.css: 8
[2016-11-22 07:08:36] EDIT prostudy/views/default/BG.html: -5
[2016-11-22 07:11:10] EDIT prostudy/views/default/help.html: 2
[2016-11-22 07:13:22] EDIT prostudy/views/default/BG.html: 0
[2016-11-22 07:17:27] EDIT prostudy/views/default/BG.html: 0
[2016-11-22 07:17:55] EDIT prostudy/views/default/BG.html: 0
[2016-11-22 07:18:19] EDIT prostudy/views/default/BG.html: 0
[2016-11-22 07:20:55] EDIT prostudy/views/default/BG.html: 0
[2016-11-22 07:21:19] EDIT prostudy/views/default/BG.html: 0
[2016-11-22 07:24:25] EDIT prostudy/views/default/BG.html: 0
[2016-11-22 07:24:49] EDIT prostudy/views/default/BG.html: 0
[2016-11-22 07:25:11] EDIT prostudy/views/default/BG.html: 0
[2016-11-22 07:26:05] EDIT prostudy/views/default/BG.html: 0
[2016-11-22 07:26:19] EDIT prostudy/views/default/BG.html: 0
[2016-11-22 07:26:55] EDIT prostudy/views/default/BG.html: -2
[2016-11-22 07:27:02] EDIT prostudy/views/default/BG.html: -3
[2016-11-22 07:27:21] EDIT prostudy/views/default/BG.html: 0
[2016-11-22 07:27:31] EDIT prostudy/views/default/BG.html: 0
[2016-11-22 07:27:45] EDIT prostudy/views/default/BG.html: 0
[2016-11-22 07:28:00] EDIT prostudy/views/default/BG.html: 0
[2016-11-22 07:28:11] EDIT prostudy/views/default/BG.html: 0
[2016-11-22 07:28:31] EDIT prostudy/views/default/BG.html: 0
[2016-11-22 07:28:46] EDIT prostudy/views/default/BG.html: 0
[2016-11-22 07:29:37] EDIT prostudy/views/default/BG.html: 0
[2016-11-22 07:29:51] EDIT prostudy/views/default/BG.html: 0
[2016-11-22 07:30:00] EDIT prostudy/views/default/BG.html: 0
[2016-11-22 07:30:10] EDIT prostudy/views/default/BG.html: 0
[2016-11-22 07:30:18] EDIT prostudy/views/default/BG.html: 0
[2016-11-22 07:30:21] EDIT prostudy/views/default/BG.html: 0
[2016-11-22 07:30:35] EDIT prostudy/views/default/BG.html: 0
[2016-11-22 07:30:49] EDIT prostudy/views/default/BG.html: 0
[2016-11-22 07:31:00] EDIT prostudy/views/default/BG.html: 0
[2016-11-22 07:31:11] EDIT prostudy/views/default/BG.html: 0
[2016-11-22 07:31:26] EDIT prostudy/views/default/BG.html: 0
[2016-11-22 07:32:11] EDIT prostudy/views/default/BG.html: 2
[2016-11-22 07:32:27] EDIT prostudy/views/default/BG.html: 1
[2016-11-22 07:32:38] EDIT prostudy/views/default/BG.html: -3
[2016-11-22 07:32:44] EDIT prostudy/views/default/BG.html: 0
[2016-11-22 07:33:05] EDIT prostudy/views/default/BG.html: 0
[2016-11-22 07:33:18] EDIT prostudy/views/default/BG.html: 0
[2016-11-22 07:33:26] EDIT prostudy/views/default/BG.html: 0
[2016-11-22 07:33:46] EDIT prostudy/views/default/BG.html: 0
[2016-11-22 07:34:12] EDIT prostudy/views/default/BG.html: 0
[2016-11-22 07:34:44] EDIT prostudy/views/layout.html: 1
[2016-11-22 07:34:48] EDIT prostudy/views/default/BG.html: 1
[2016-11-22 07:35:00] EDIT prostudy/views/default/BG.html: 0
[2016-11-22 07:35:12] EDIT prostudy/views/default/BG.html: 0
[2016-11-22 07:35:20] EDIT prostudy/views/default/BG.html: 0
[2016-11-22 07:35:55] EDIT prostudy/views/default/BG.html: 0
[2016-11-22 07:36:17] UPLOAD /home/wwu39/web2py/applications/prostudy/static/css/help_page.css: 54
[2016-11-22 07:37:28] EDIT prostudy/controllers/default.py: 1
[2016-11-22 07:38:07] CREATE default/help_page.html: 0
[2016-11-22 07:40:33] EDIT prostudy/views/default/help_page.html: 74
[2016-11-22 07:41:22] EDIT prostudy/models/menu.py: 0
[2016-11-22 07:43:25] EDIT prostudy/views/default/help.html: 0
[2016-11-22 07:43:27] EDIT prostudy/models/menu.py: 0
[2016-11-22 07:44:25] EDIT prostudy/static/css/myapp.css: 0
[2016-11-22 07:44:55] DELETE prostudy/static/css/help_page.css: -54
[2016-11-22 07:45:10] DELETE prostudy/views/default/help_page.html: -77
[2016-11-22 07:46:02] EDIT prostudy/controllers/default.py: -1
[2016-11-22 07:46:27] EDIT prostudy/static/css/myapp.css: 0
[2016-11-22 07:46:35] EDIT prostudy/views/layout.html: -1
[2016-11-22 07:51:30] EDIT prostudy/controllers/default.py: 0
[2016-11-22 07:51:53] EDIT prostudy/controllers/default.py: 0
[2016-11-22 07:54:40] EDIT prostudy/models/menu.py: 0
[2016-11-22 08:01:12] EDIT prostudy/views/default/BG.html: 0
[2016-11-22 08:12:44] EDIT prostudy/views/default/help.html: 2
[2016-11-22 21:51:55] EDIT prostudy/models/db.py: 0
[2016-11-22 21:53:42] EDIT prostudy/models/db.py: 0
[2016-11-22 21:59:26] EDIT prostudy/models/db.py: 0
[2016-11-22 21:59:28] EDIT prostudy/models/db.py: 0
[2016-11-22 21:59:30] EDIT prostudy/models/db.py: 0
[2016-11-22 22:00:46] EDIT prostudy/models/db.py: 0
[2016-11-22 22:01:08] EDIT prostudy/models/db.py: 0
[2016-11-22 22:54:29] EDIT prostudy/models/db.py: 0
[2016-11-22 22:54:34] EDIT prostudy/models/db.py: 0
[2016-11-22 23:05:20] EDIT prostudy/models/db.py: 0
[2016-11-22 23:06:37] EDIT prostudy/models/db.py: 0
[2016-11-22 23:06:54] EDIT prostudy/models/db.py: 0
[2016-11-22 23:14:14] EDIT prostudy/views/default/index.html: 0
[2016-11-22 23:14:50] EDIT prostudy/views/default/index.html: 0
[2016-11-23 05:11:07] EDIT prostudy/models/db.py: 0
[2016-11-23 05:17:17] EDIT prostudy/models/db.py: 0
[2016-11-23 05:26:29] EDIT prostudy/models/db.py: 0
[2016-11-23 07:00:02] EDIT prostudy/controllers/api.py: 21
[2016-11-23 07:01:00] EDIT prostudy/models/makegraph.py: 0
[2016-11-23 07:02:09] EDIT prostudy/static/js/default_index.js: 20
[2016-11-23 07:03:22] EDIT prostudy/controllers/default.py: 3
[2016-11-23 07:05:02] EDIT prostudy/views/default/index.html: 10
[2016-11-23 07:11:57] EDIT prostudy/static/js/default_index.js: 1
[2016-11-23 07:16:05] EDIT prostudy/static/js/default_index.js: -1
[2016-11-23 07:20:41] EDIT prostudy/controllers/default.py: 0
[2016-11-23 07:22:43] EDIT prostudy/controllers/default.py: 0
[2016-11-23 07:35:02] EDIT prostudy/views/default/help.html: 0
